Extending Research Protocols for Organization(146102) Australian Prostate Centre
  - Adding RP IRONMAN v5
  - IRONMAN v3 now retired as of 2021-02-01 13:00:00
--------------------------------------------------------------------------------

Patient 3753 (170-102-006):
	Additional timeline rows:
		2021-04-04 00:00:00 Due ['Month 6', 'IRONMAN_v5_start6mo_yearly_end30mo', 0]
		2021-07-03 00:00:00 Expired ['Month 6', 'IRONMAN_v5_start6mo_yearly_end30mo', 0]
		2021-07-04 00:00:00 Due ['Month 9', 'IRONMAN_v5_recurring_3mo_pattern', 1]
		2021-10-03 00:00:00 Expired ['Month 9', 'IRONMAN_v5_recurring_3mo_pattern', 1]
		2021-10-04 00:00:00 Due ['Month 12', 'IRONMAN_v5_recurring_annual_pattern', 0]
		2022-01-03 00:00:00 Expired ['Month 12', 'IRONMAN_v5_recurring_annual_pattern', 0]
		2022-01-04 00:00:00 Due ['Month 15', 'IRONMAN_v5_recurring_3mo_pattern', 2]
		2022-04-03 00:00:00 Expired ['Month 15', 'IRONMAN_v5_recurring_3mo_pattern', 2]
		2022-04-04 00:00:00 Due ['Month 18', 'IRONMAN_v5_start6mo_yearly_end30mo', 1]
		2022-07-03 00:00:00 Expired ['Month 18', 'IRONMAN_v5_start6mo_yearly_end30mo', 1]
		2022-07-04 00:00:00 Due ['Month 21', 'IRONMAN_v5_recurring_3mo_pattern', 3]
		2022-10-03 00:00:00 Expired ['Month 21', 'IRONMAN_v5_recurring_3mo_pattern', 3]
		2022-10-04 00:00:00 Due ['Month 24', 'IRONMAN_v5_recurring_annual_pattern', 1]
		2023-01-03 00:00:00 Expired ['Month 24', 'IRONMAN_v5_recurring_annual_pattern', 1]
		2023-01-04 00:00:00 Due ['Month 27', 'IRONMAN_v5_recurring_3mo_pattern', 4]
		2023-02-05 00:00:00 Overdue ['Month 27', 'IRONMAN_v5_recurring_3mo_pattern', 4]
		2023-04-03 00:00:00 Expired ['Month 27', 'IRONMAN_v5_recurring_3mo_pattern', 4]
		2023-04-04 00:00:00 Due ['Month 30', 'IRONMAN_v5_start6mo_yearly_end30mo', 2]
		2023-07-03 00:00:00 Expired ['Month 30', 'IRONMAN_v5_start6mo_yearly_end30mo', 2]
		2023-07-04 00:00:00 Due ['Month 33', 'IRONMAN_v5_recurring_3mo_pattern', 5]
		2023-08-05 00:00:00 Overdue ['Month 33', 'IRONMAN_v5_recurring_3mo_pattern', 5]
		2023-10-03 00:00:00 Expired ['Month 33', 'IRONMAN_v5_recurring_3mo_pattern', 5]
		2023-10-04 00:00:00 Due ['Month 36', 'IRONMAN_v5_recurring_annual_pattern', 2]
		2024-01-03 00:00:00 Expired ['Month 36', 'IRONMAN_v5_recurring_annual_pattern', 2]
		2024-01-04 00:00:00 Due ['Month 39', 'IRONMAN_v5_recurring_3mo_pattern', 6]
		2024-02-05 00:00:00 Overdue ['Month 39', 'IRONMAN_v5_recurring_3mo_pattern', 6]
		2024-04-03 00:00:00 Expired ['Month 39', 'IRONMAN_v5_recurring_3mo_pattern', 6]
		2024-04-04 00:00:00 Due ['Month 42', 'IRONMAN_v5_start3.5years_yearly', 0]
		2024-05-05 00:00:00 Overdue ['Month 42', 'IRONMAN_v5_start3.5years_yearly', 0]
		2024-07-03 00:00:00 Expired ['Month 42', 'IRONMAN_v5_start3.5years_yearly', 0]
		2024-07-04 00:00:00 Due ['Month 45', 'IRONMAN_v5_recurring_3mo_pattern', 7]
		2024-08-05 00:00:00 Overdue ['Month 45', 'IRONMAN_v5_recurring_3mo_pattern', 7]
		2024-10-03 00:00:00 Expired ['Month 45', 'IRONMAN_v5_recurring_3mo_pattern', 7]
		2024-10-04 00:00:00 Due ['Month 48', 'IRONMAN_v5_recurring_annual_pattern', 3]
		2024-11-05 00:00:00 Overdue ['Month 48', 'IRONMAN_v5_recurring_annual_pattern', 3]
		2025-01-03 00:00:00 Expired ['Month 48', 'IRONMAN_v5_recurring_annual_pattern', 3]
		2025-01-04 00:00:00 Due ['Month 51', 'IRONMAN_v5_recurring_3mo_pattern', 8]
		2025-02-05 00:00:00 Overdue ['Month 51', 'IRONMAN_v5_recurring_3mo_pattern', 8]
		2025-04-03 00:00:00 Expired ['Month 51', 'IRONMAN_v5_recurring_3mo_pattern', 8]
		2025-04-04 00:00:00 Due ['Month 54', 'IRONMAN_v5_start3.5years_yearly', 1]
		2025-05-05 00:00:00 Overdue ['Month 54', 'IRONMAN_v5_start3.5years_yearly', 1]
		2025-07-03 00:00:00 Expired ['Month 54', 'IRONMAN_v5_start3.5years_yearly', 1]
		2025-07-04 00:00:00 Due ['Month 57', 'IRONMAN_v5_recurring_3mo_pattern', 9]
		2025-08-05 00:00:00 Overdue ['Month 57', 'IRONMAN_v5_recurring_3mo_pattern', 9]
		2025-10-03 00:00:00 Expired ['Month 57', 'IRONMAN_v5_recurring_3mo_pattern', 9]
		2025-10-04 00:00:00 Due ['Month 60', 'IRONMAN_v5_recurring_annual_pattern', 4]
		2025-11-05 00:00:00 Overdue ['Month 60', 'IRONMAN_v5_recurring_annual_pattern', 4]
		2026-01-03 00:00:00 Expired ['Month 60', 'IRONMAN_v5_recurring_annual_pattern', 4]
	Removed timeline rows:
		2021-04-19 00:00:00 Due ['Month 6', 'IRONMAN_v3_recurring_6mo_pattern', 0]
		2021-07-17 00:00:00 Expired ['Month 6', 'IRONMAN_v3_recurring_6mo_pattern', 0]
		2021-07-20 00:00:00 Due ['Month 9', 'IRONMAN_v3_recurring_3mo_pattern', 1]
		2021-10-18 00:00:00 Expired ['Month 9', 'IRONMAN_v3_recurring_3mo_pattern', 1]
		2021-10-20 00:00:00 Due ['Month 12', 'IRONMAN_v3_recurring_annual_pattern', 0]
		2022-01-18 00:00:00 Expired ['Month 12', 'IRONMAN_v3_recurring_annual_pattern', 0]
		2022-01-20 00:00:00 Due ['Month 15', 'IRONMAN_v3_recurring_3mo_pattern', 2]
		2022-04-18 00:00:00 Expired ['Month 15', 'IRONMAN_v3_recurring_3mo_pattern', 2]
		2022-04-19 00:00:00 Due ['Month 18', 'IRONMAN_v3_recurring_6mo_pattern', 1]
		2022-07-17 00:00:00 Expired ['Month 18', 'IRONMAN_v3_recurring_6mo_pattern', 1]
		2022-07-20 00:00:00 Due ['Month 21', 'IRONMAN_v3_recurring_3mo_pattern', 3]
		2022-10-18 00:00:00 Expired ['Month 21', 'IRONMAN_v3_recurring_3mo_pattern', 3]
		2022-10-20 00:00:00 Due ['Month 24', 'IRONMAN_v3_recurring_annual_pattern', 1]
		2023-01-18 00:00:00 Expired ['Month 24', 'IRONMAN_v3_recurring_annual_pattern', 1]
		2023-04-19 00:00:00 Due ['Month 30', 'IRONMAN_v3_recurring_6mo_pattern', 2]
		2023-07-17 00:00:00 Expired ['Month 30', 'IRONMAN_v3_recurring_6mo_pattern', 2]
		2023-10-20 00:00:00 Due ['Month 36', 'IRONMAN_v3_recurring_annual_pattern', 2]
		2024-01-18 00:00:00 Expired ['Month 36', 'IRONMAN_v3_recurring_annual_pattern', 2]
	Modified timeline rows: (old, new)
		2021-05-05 00:00:00 Overdue
			['Month 6', 'IRONMAN_v3_recurring_6mo_pattern', 0] ==> ['Month 6', 'IRONMAN_v5_start6mo_yearly_end30mo', 0]
		2021-08-05 00:00:00 Overdue
			['Month 9', 'IRONMAN_v3_recurring_3mo_pattern', 1] ==> ['Month 9', 'IRONMAN_v5_recurring_3mo_pattern', 1]
		2021-11-05 00:00:00 Overdue
			['Month 12', 'IRONMAN_v3_recurring_annual_pattern', 0] ==> ['Month 12', 'IRONMAN_v5_recurring_annual_pattern', 0]
		2022-02-05 00:00:00 Overdue
			['Month 15', 'IRONMAN_v3_recurring_3mo_pattern', 2] ==> ['Month 15', 'IRONMAN_v5_recurring_3mo_pattern', 2]
		2022-05-05 00:00:00 Overdue
			['Month 18', 'IRONMAN_v3_recurring_6mo_pattern', 1] ==> ['Month 18', 'IRONMAN_v5_start6mo_yearly_end30mo', 1]
		2022-08-05 00:00:00 Overdue
			['Month 21', 'IRONMAN_v3_recurring_3mo_pattern', 3] ==> ['Month 21', 'IRONMAN_v5_recurring_3mo_pattern', 3]
		2022-11-05 00:00:00 Overdue
			['Month 24', 'IRONMAN_v3_recurring_annual_pattern', 1] ==> ['Month 24', 'IRONMAN_v5_recurring_annual_pattern', 1]
		2023-05-05 00:00:00 Overdue
			['Month 30', 'IRONMAN_v3_recurring_6mo_pattern', 2] ==> ['Month 30', 'IRONMAN_v5_start6mo_yearly_end30mo', 2]
		2023-11-05 00:00:00 Overdue
			['Month 36', 'IRONMAN_v3_recurring_annual_pattern', 2] ==> ['Month 36', 'IRONMAN_v5_recurring_annual_pattern', 2]

Patient 3666 (170-102-005):
	Additional timeline rows:
		2021-03-14 02:56:18 Due ['Month 6', 'IRONMAN_v5_start6mo_yearly_end30mo', 0]
		2021-06-13 02:56:18 Expired ['Month 6', 'IRONMAN_v5_start6mo_yearly_end30mo', 0]
		2021-06-14 02:56:18 Due ['Month 9', 'IRONMAN_v5_recurring_3mo_pattern', 1]
		2021-07-15 02:56:18 Overdue ['Month 9', 'IRONMAN_v5_recurring_3mo_pattern', 1]
		2021-09-13 02:56:18 Expired ['Month 9', 'IRONMAN_v5_recurring_3mo_pattern', 1]
		2021-09-14 02:56:18 Due ['Month 12', 'IRONMAN_v5_recurring_annual_pattern', 0]
		2021-12-13 02:56:18 Expired ['Month 12', 'IRONMAN_v5_recurring_annual_pattern', 0]
		2021-12-14 02:56:18 Due ['Month 15', 'IRONMAN_v5_recurring_3mo_pattern', 2]
		2022-03-13 02:56:18 Expired ['Month 15', 'IRONMAN_v5_recurring_3mo_pattern', 2]
		2022-03-14 02:56:18 Due ['Month 18', 'IRONMAN_v5_start6mo_yearly_end30mo', 1]
		2022-06-13 02:56:18 Expired ['Month 18', 'IRONMAN_v5_start6mo_yearly_end30mo', 1]
		2022-06-14 02:56:18 Due ['Month 21', 'IRONMAN_v5_recurring_3mo_pattern', 3]
		2022-07-15 02:56:18 Overdue ['Month 21', 'IRONMAN_v5_recurring_3mo_pattern', 3]
		2022-09-13 02:56:18 Expired ['Month 21', 'IRONMAN_v5_recurring_3mo_pattern', 3]
		2022-09-14 02:56:18 Due ['Month 24', 'IRONMAN_v5_recurring_annual_pattern', 1]
		2022-12-13 02:56:18 Expired ['Month 24', 'IRONMAN_v5_recurring_annual_pattern', 1]
		2022-12-14 02:56:18 Due ['Month 27', 'IRONMAN_v5_recurring_3mo_pattern', 4]
		2023-01-15 02:56:18 Overdue ['Month 27', 'IRONMAN_v5_recurring_3mo_pattern', 4]
		2023-03-13 02:56:18 Expired ['Month 27', 'IRONMAN_v5_recurring_3mo_pattern', 4]
		2023-03-14 02:56:18 Due ['Month 30', 'IRONMAN_v5_start6mo_yearly_end30mo', 2]
		2023-06-13 02:56:18 Expired ['Month 30', 'IRONMAN_v5_start6mo_yearly_end30mo', 2]
		2023-06-14 02:56:18 Due ['Month 33', 'IRONMAN_v5_recurring_3mo_pattern', 5]
		2023-07-15 02:56:18 Overdue ['Month 33', 'IRONMAN_v5_recurring_3mo_pattern', 5]
		2023-09-13 02:56:18 Expired ['Month 33', 'IRONMAN_v5_recurring_3mo_pattern', 5]
		2023-09-14 02:56:18 Due ['Month 36', 'IRONMAN_v5_recurring_annual_pattern', 2]
		2023-12-13 02:56:18 Expired ['Month 36', 'IRONMAN_v5_recurring_annual_pattern', 2]
		2023-12-14 02:56:18 Due ['Month 39', 'IRONMAN_v5_recurring_3mo_pattern', 6]
		2024-01-15 02:56:18 Overdue ['Month 39', 'IRONMAN_v5_recurring_3mo_pattern', 6]
		2024-03-13 02:56:18 Expired ['Month 39', 'IRONMAN_v5_recurring_3mo_pattern', 6]
		2024-03-14 02:56:18 Due ['Month 42', 'IRONMAN_v5_start3.5years_yearly', 0]
		2024-04-15 02:56:18 Overdue ['Month 42', 'IRONMAN_v5_start3.5years_yearly', 0]
		2024-06-13 02:56:18 Expired ['Month 42', 'IRONMAN_v5_start3.5years_yearly', 0]
		2024-06-14 02:56:18 Due ['Month 45', 'IRONMAN_v5_recurring_3mo_pattern', 7]
		2024-07-15 02:56:18 Overdue ['Month 45', 'IRONMAN_v5_recurring_3mo_pattern', 7]
		2024-09-13 02:56:18 Expired ['Month 45', 'IRONMAN_v5_recurring_3mo_pattern', 7]
		2024-09-14 02:56:18 Due ['Month 48', 'IRONMAN_v5_recurring_annual_pattern', 3]
		2024-10-15 02:56:18 Overdue ['Month 48', 'IRONMAN_v5_recurring_annual_pattern', 3]
		2024-12-13 02:56:18 Expired ['Month 48', 'IRONMAN_v5_recurring_annual_pattern', 3]
		2024-12-14 02:56:18 Due ['Month 51', 'IRONMAN_v5_recurring_3mo_pattern', 8]
		2025-01-15 02:56:18 Overdue ['Month 51', 'IRONMAN_v5_recurring_3mo_pattern', 8]
		2025-03-13 02:56:18 Expired ['Month 51', 'IRONMAN_v5_recurring_3mo_pattern', 8]
		2025-03-14 02:56:18 Due ['Month 54', 'IRONMAN_v5_start3.5years_yearly', 1]
		2025-04-15 02:56:18 Overdue ['Month 54', 'IRONMAN_v5_start3.5years_yearly', 1]
		2025-06-13 02:56:18 Expired ['Month 54', 'IRONMAN_v5_start3.5years_yearly', 1]
		2025-06-14 02:56:18 Due ['Month 57', 'IRONMAN_v5_recurring_3mo_pattern', 9]
		2025-07-15 02:56:18 Overdue ['Month 57', 'IRONMAN_v5_recurring_3mo_pattern', 9]
		2025-09-13 02:56:18 Expired ['Month 57', 'IRONMAN_v5_recurring_3mo_pattern', 9]
		2025-09-14 02:56:18 Due ['Month 60', 'IRONMAN_v5_recurring_annual_pattern', 4]
		2025-10-15 02:56:18 Overdue ['Month 60', 'IRONMAN_v5_recurring_annual_pattern', 4]
		2025-12-13 02:56:18 Expired ['Month 60', 'IRONMAN_v5_recurring_annual_pattern', 4]
	Removed timeline rows:
		2021-03-30 02:56:18 Due ['Month 6', 'IRONMAN_v3_recurring_6mo_pattern', 0]
		2021-06-28 02:56:18 Expired ['Month 6', 'IRONMAN_v3_recurring_6mo_pattern', 0]
		2021-06-30 02:56:18 Due ['Month 9', 'IRONMAN_v3_recurring_3mo_pattern', 1]
		2021-07-16 02:56:18 Overdue ['Month 9', 'IRONMAN_v3_recurring_3mo_pattern', 1]
		2021-09-28 02:56:18 Expired ['Month 9', 'IRONMAN_v3_recurring_3mo_pattern', 1]
		2021-09-29 02:56:18 Due ['Month 12', 'IRONMAN_v3_recurring_annual_pattern', 0]
		2021-12-27 02:56:18 Expired ['Month 12', 'IRONMAN_v3_recurring_annual_pattern', 0]
		2021-12-30 02:56:18 Due ['Month 15', 'IRONMAN_v3_recurring_3mo_pattern', 2]
		2022-03-28 02:56:18 Expired ['Month 15', 'IRONMAN_v3_recurring_3mo_pattern', 2]
		2022-03-30 02:56:18 Due ['Month 18', 'IRONMAN_v3_recurring_6mo_pattern', 1]
		2022-06-28 02:56:18 Expired ['Month 18', 'IRONMAN_v3_recurring_6mo_pattern', 1]
		2022-06-30 02:56:18 Due ['Month 21', 'IRONMAN_v3_recurring_3mo_pattern', 3]
		2022-07-16 02:56:18 Overdue ['Month 21', 'IRONMAN_v3_recurring_3mo_pattern', 3]
		2022-09-28 02:56:18 Expired ['Month 21', 'IRONMAN_v3_recurring_3mo_pattern', 3]
		2022-09-29 02:56:18 Due ['Month 24', 'IRONMAN_v3_recurring_annual_pattern', 1]
		2022-12-27 02:56:18 Expired ['Month 24', 'IRONMAN_v3_recurring_annual_pattern', 1]
		2023-03-30 02:56:18 Due ['Month 30', 'IRONMAN_v3_recurring_6mo_pattern', 2]
		2023-06-28 02:56:18 Expired ['Month 30', 'IRONMAN_v3_recurring_6mo_pattern', 2]
		2023-09-29 02:56:18 Due ['Month 36', 'IRONMAN_v3_recurring_annual_pattern', 2]
		2023-12-27 02:56:18 Expired ['Month 36', 'IRONMAN_v3_recurring_annual_pattern', 2]
	Modified timeline rows: (old, new)
		2021-04-15 02:56:18 Overdue
			['Month 6', 'IRONMAN_v3_recurring_6mo_pattern', 0] ==> ['Month 6', 'IRONMAN_v5_start6mo_yearly_end30mo', 0]
		2021-10-15 02:56:18 Overdue
			['Month 12', 'IRONMAN_v3_recurring_annual_pattern', 0] ==> ['Month 12', 'IRONMAN_v5_recurring_annual_pattern', 0]
		2022-01-15 02:56:18 Overdue
			['Month 15', 'IRONMAN_v3_recurring_3mo_pattern', 2] ==> ['Month 15', 'IRONMAN_v5_recurring_3mo_pattern', 2]
		2022-04-15 02:56:18 Overdue
			['Month 18', 'IRONMAN_v3_recurring_6mo_pattern', 1] ==> ['Month 18', 'IRONMAN_v5_start6mo_yearly_end30mo', 1]
		2022-10-15 02:56:18 Overdue
			['Month 24', 'IRONMAN_v3_recurring_annual_pattern', 1] ==> ['Month 24', 'IRONMAN_v5_recurring_annual_pattern', 1]
		2023-04-15 02:56:18 Overdue
			['Month 30', 'IRONMAN_v3_recurring_6mo_pattern', 2] ==> ['Month 30', 'IRONMAN_v5_start6mo_yearly_end30mo', 2]
		2023-10-15 02:56:18 Overdue
			['Month 36', 'IRONMAN_v3_recurring_annual_pattern', 2] ==> ['Month 36', 'IRONMAN_v5_recurring_annual_pattern', 2]

Patient 3179 (170-102-004):
	Additional timeline rows:
		2021-01-26 02:54:56 Due ['Month 12', 'IRONMAN_v5_recurring_annual_pattern', 0]
		2021-04-25 02:54:56 Expired ['Month 12', 'IRONMAN_v5_recurring_annual_pattern', 0]
		2021-04-26 02:54:56 Due ['Month 15', 'IRONMAN_v5_recurring_3mo_pattern', 2]
		2021-07-25 02:54:56 Expired ['Month 15', 'IRONMAN_v5_recurring_3mo_pattern', 2]
		2021-07-26 02:54:56 Due ['Month 18', 'IRONMAN_v5_start6mo_yearly_end30mo', 1]
		2021-10-25 02:54:56 Expired ['Month 18', 'IRONMAN_v5_start6mo_yearly_end30mo', 1]
		2021-10-26 02:54:56 Due ['Month 21', 'IRONMAN_v5_recurring_3mo_pattern', 3]
		2022-01-25 02:54:56 Expired ['Month 21', 'IRONMAN_v5_recurring_3mo_pattern', 3]
		2022-01-26 02:54:56 Due ['Month 24', 'IRONMAN_v5_recurring_annual_pattern', 1]
		2022-04-25 02:54:56 Expired ['Month 24', 'IRONMAN_v5_recurring_annual_pattern', 1]
		2022-04-26 02:54:56 Due ['Month 27', 'IRONMAN_v5_recurring_3mo_pattern', 4]
		2022-05-27 02:54:56 Overdue ['Month 27', 'IRONMAN_v5_recurring_3mo_pattern', 4]
		2022-07-25 02:54:56 Expired ['Month 27', 'IRONMAN_v5_recurring_3mo_pattern', 4]
		2022-07-26 02:54:56 Due ['Month 30', 'IRONMAN_v5_start6mo_yearly_end30mo', 2]
		2022-10-25 02:54:56 Expired ['Month 30', 'IRONMAN_v5_start6mo_yearly_end30mo', 2]
		2022-10-26 02:54:56 Due ['Month 33', 'IRONMAN_v5_recurring_3mo_pattern', 5]
		2022-11-27 02:54:56 Overdue ['Month 33', 'IRONMAN_v5_recurring_3mo_pattern', 5]
		2023-01-25 02:54:56 Expired ['Month 33', 'IRONMAN_v5_recurring_3mo_pattern', 5]
		2023-01-26 02:54:56 Due ['Month 36', 'IRONMAN_v5_recurring_annual_pattern', 2]
		2023-04-25 02:54:56 Expired ['Month 36', 'IRONMAN_v5_recurring_annual_pattern', 2]
		2023-04-26 02:54:56 Due ['Month 39', 'IRONMAN_v5_recurring_3mo_pattern', 6]
		2023-05-27 02:54:56 Overdue ['Month 39', 'IRONMAN_v5_recurring_3mo_pattern', 6]
		2023-07-25 02:54:56 Expired ['Month 39', 'IRONMAN_v5_recurring_3mo_pattern', 6]
		2023-07-26 02:54:56 Due ['Month 42', 'IRONMAN_v5_start3.5years_yearly', 0]
		2023-08-27 02:54:56 Overdue ['Month 42', 'IRONMAN_v5_start3.5years_yearly', 0]
		2023-10-25 02:54:56 Expired ['Month 42', 'IRONMAN_v5_start3.5years_yearly', 0]
		2023-10-26 02:54:56 Due ['Month 45', 'IRONMAN_v5_recurring_3mo_pattern', 7]
		2023-11-27 02:54:56 Overdue ['Month 45', 'IRONMAN_v5_recurring_3mo_pattern', 7]
		2024-01-25 02:54:56 Expired ['Month 45', 'IRONMAN_v5_recurring_3mo_pattern', 7]
		2024-01-26 02:54:56 Due ['Month 48', 'IRONMAN_v5_recurring_annual_pattern', 3]
		2024-02-27 02:54:56 Overdue ['Month 48', 'IRONMAN_v5_recurring_annual_pattern', 3]
		2024-04-25 02:54:56 Expired ['Month 48', 'IRONMAN_v5_recurring_annual_pattern', 3]
		2024-04-26 02:54:56 Due ['Month 51', 'IRONMAN_v5_recurring_3mo_pattern', 8]
		2024-05-27 02:54:56 Overdue ['Month 51', 'IRONMAN_v5_recurring_3mo_pattern', 8]
		2024-07-25 02:54:56 Expired ['Month 51', 'IRONMAN_v5_recurring_3mo_pattern', 8]
		2024-07-26 02:54:56 Due ['Month 54', 'IRONMAN_v5_start3.5years_yearly', 1]
		2024-08-27 02:54:56 Overdue ['Month 54', 'IRONMAN_v5_start3.5years_yearly', 1]
		2024-10-25 02:54:56 Expired ['Month 54', 'IRONMAN_v5_start3.5years_yearly', 1]
		2024-10-26 02:54:56 Due ['Month 57', 'IRONMAN_v5_recurring_3mo_pattern', 9]
		2024-11-27 02:54:56 Overdue ['Month 57', 'IRONMAN_v5_recurring_3mo_pattern', 9]
		2025-01-25 02:54:56 Expired ['Month 57', 'IRONMAN_v5_recurring_3mo_pattern', 9]
		2025-01-26 02:54:56 Due ['Month 60', 'IRONMAN_v5_recurring_annual_pattern', 4]
		2025-02-27 02:54:56 Overdue ['Month 60', 'IRONMAN_v5_recurring_annual_pattern', 4]
		2025-04-25 02:54:56 Expired ['Month 60', 'IRONMAN_v5_recurring_annual_pattern', 4]
	Removed timeline rows:
		2021-02-11 02:54:56 Due ['Month 12', 'IRONMAN_v3_recurring_annual_pattern', 0]
		2021-05-09 02:54:56 Expired ['Month 12', 'IRONMAN_v3_recurring_annual_pattern', 0]
		2021-05-11 02:54:56 Due ['Month 15', 'IRONMAN_v3_recurring_3mo_pattern', 2]
		2021-08-09 02:54:56 Expired ['Month 15', 'IRONMAN_v3_recurring_3mo_pattern', 2]
		2021-08-11 02:54:56 Due ['Month 18', 'IRONMAN_v3_recurring_6mo_pattern', 1]
		2021-11-09 02:54:56 Expired ['Month 18', 'IRONMAN_v3_recurring_6mo_pattern', 1]
		2021-11-11 02:54:56 Due ['Month 21', 'IRONMAN_v3_recurring_3mo_pattern', 3]
		2022-02-09 02:54:56 Expired ['Month 21', 'IRONMAN_v3_recurring_3mo_pattern', 3]
		2022-02-11 02:54:56 Due ['Month 24', 'IRONMAN_v3_recurring_annual_pattern', 1]
		2022-05-09 02:54:56 Expired ['Month 24', 'IRONMAN_v3_recurring_annual_pattern', 1]
		2022-08-11 02:54:56 Due ['Month 30', 'IRONMAN_v3_recurring_6mo_pattern', 2]
		2022-11-09 02:54:56 Expired ['Month 30', 'IRONMAN_v3_recurring_6mo_pattern', 2]
		2023-02-11 02:54:56 Due ['Month 36', 'IRONMAN_v3_recurring_annual_pattern', 2]
		2023-05-09 02:54:56 Expired ['Month 36', 'IRONMAN_v3_recurring_annual_pattern', 2]
	Modified timeline rows: (old, new)
		2021-02-27 02:54:56 Overdue
			['Month 12', 'IRONMAN_v3_recurring_annual_pattern', 0] ==> ['Month 12', 'IRONMAN_v5_recurring_annual_pattern', 0]
		2021-05-27 02:54:56 Overdue
			['Month 15', 'IRONMAN_v3_recurring_3mo_pattern', 2] ==> ['Month 15', 'IRONMAN_v5_recurring_3mo_pattern', 2]
		2021-08-27 02:54:56 Overdue
			['Month 18', 'IRONMAN_v3_recurring_6mo_pattern', 1] ==> ['Month 18', 'IRONMAN_v5_start6mo_yearly_end30mo', 1]
		2021-11-27 02:54:56 Overdue
			['Month 21', 'IRONMAN_v3_recurring_3mo_pattern', 3] ==> ['Month 21', 'IRONMAN_v5_recurring_3mo_pattern', 3]
		2022-02-27 02:54:56 Overdue
			['Month 24', 'IRONMAN_v3_recurring_annual_pattern', 1] ==> ['Month 24', 'IRONMAN_v5_recurring_annual_pattern', 1]
		2022-08-27 02:54:56 Overdue
			['Month 30', 'IRONMAN_v3_recurring_6mo_pattern', 2] ==> ['Month 30', 'IRONMAN_v5_start6mo_yearly_end30mo', 2]
		2023-02-27 02:54:56 Overdue
			['Month 36', 'IRONMAN_v3_recurring_annual_pattern', 2] ==> ['Month 36', 'IRONMAN_v5_recurring_annual_pattern', 2]

Patient 3125 (170-102-003):
	Additional timeline rows:
		2021-01-12 01:24:01 Due ['Month 12', 'IRONMAN_v5_recurring_annual_pattern', 0]
		2021-04-11 01:24:01 Expired ['Month 12', 'IRONMAN_v5_recurring_annual_pattern', 0]
		2021-04-12 01:24:01 Due ['Month 15', 'IRONMAN_v5_recurring_3mo_pattern', 2]
		2021-07-11 01:24:01 Expired ['Month 15', 'IRONMAN_v5_recurring_3mo_pattern', 2]
		2021-07-12 01:24:01 Due ['Month 18', 'IRONMAN_v5_start6mo_yearly_end30mo', 1]
		2021-10-11 01:24:01 Expired ['Month 18', 'IRONMAN_v5_start6mo_yearly_end30mo', 1]
		2021-10-12 01:24:01 Due ['Month 21', 'IRONMAN_v5_recurring_3mo_pattern', 3]
		2021-11-13 01:24:01 Overdue ['Month 21', 'IRONMAN_v5_recurring_3mo_pattern', 3]
		2022-01-11 01:24:01 Expired ['Month 21', 'IRONMAN_v5_recurring_3mo_pattern', 3]
		2022-01-12 01:24:01 Due ['Month 24', 'IRONMAN_v5_recurring_annual_pattern', 1]
		2022-04-11 01:24:01 Expired ['Month 24', 'IRONMAN_v5_recurring_annual_pattern', 1]
		2022-04-12 01:24:01 Due ['Month 27', 'IRONMAN_v5_recurring_3mo_pattern', 4]
		2022-05-13 01:24:01 Overdue ['Month 27', 'IRONMAN_v5_recurring_3mo_pattern', 4]
		2022-07-11 01:24:01 Expired ['Month 27', 'IRONMAN_v5_recurring_3mo_pattern', 4]
		2022-07-12 01:24:01 Due ['Month 30', 'IRONMAN_v5_start6mo_yearly_end30mo', 2]
		2022-10-11 01:24:01 Expired ['Month 30', 'IRONMAN_v5_start6mo_yearly_end30mo', 2]
		2022-10-12 01:24:01 Due ['Month 33', 'IRONMAN_v5_recurring_3mo_pattern', 5]
		2022-11-13 01:24:01 Overdue ['Month 33', 'IRONMAN_v5_recurring_3mo_pattern', 5]
		2023-01-11 01:24:01 Expired ['Month 33', 'IRONMAN_v5_recurring_3mo_pattern', 5]
		2023-01-12 01:24:01 Due ['Month 36', 'IRONMAN_v5_recurring_annual_pattern', 2]
		2023-04-11 01:24:01 Expired ['Month 36', 'IRONMAN_v5_recurring_annual_pattern', 2]
		2023-04-12 01:24:01 Due ['Month 39', 'IRONMAN_v5_recurring_3mo_pattern', 6]
		2023-05-13 01:24:01 Overdue ['Month 39', 'IRONMAN_v5_recurring_3mo_pattern', 6]
		2023-07-11 01:24:01 Expired ['Month 39', 'IRONMAN_v5_recurring_3mo_pattern', 6]
		2023-07-12 01:24:01 Due ['Month 42', 'IRONMAN_v5_start3.5years_yearly', 0]
		2023-08-13 01:24:01 Overdue ['Month 42', 'IRONMAN_v5_start3.5years_yearly', 0]
		2023-10-11 01:24:01 Expired ['Month 42', 'IRONMAN_v5_start3.5years_yearly', 0]
		2023-10-12 01:24:01 Due ['Month 45', 'IRONMAN_v5_recurring_3mo_pattern', 7]
		2023-11-13 01:24:01 Overdue ['Month 45', 'IRONMAN_v5_recurring_3mo_pattern', 7]
		2024-01-11 01:24:01 Expired ['Month 45', 'IRONMAN_v5_recurring_3mo_pattern', 7]
		2024-01-12 01:24:01 Due ['Month 48', 'IRONMAN_v5_recurring_annual_pattern', 3]
		2024-02-13 01:24:01 Overdue ['Month 48', 'IRONMAN_v5_recurring_annual_pattern', 3]
		2024-04-11 01:24:01 Expired ['Month 48', 'IRONMAN_v5_recurring_annual_pattern', 3]
		2024-04-12 01:24:01 Due ['Month 51', 'IRONMAN_v5_recurring_3mo_pattern', 8]
		2024-05-13 01:24:01 Overdue ['Month 51', 'IRONMAN_v5_recurring_3mo_pattern', 8]
		2024-07-11 01:24:01 Expired ['Month 51', 'IRONMAN_v5_recurring_3mo_pattern', 8]
		2024-07-12 01:24:01 Due ['Month 54', 'IRONMAN_v5_start3.5years_yearly', 1]
		2024-08-13 01:24:01 Overdue ['Month 54', 'IRONMAN_v5_start3.5years_yearly', 1]
		2024-10-11 01:24:01 Expired ['Month 54', 'IRONMAN_v5_start3.5years_yearly', 1]
		2024-10-12 01:24:01 Due ['Month 57', 'IRONMAN_v5_recurring_3mo_pattern', 9]
		2024-11-13 01:24:01 Overdue ['Month 57', 'IRONMAN_v5_recurring_3mo_pattern', 9]
		2025-01-11 01:24:01 Expired ['Month 57', 'IRONMAN_v5_recurring_3mo_pattern', 9]
		2025-01-12 01:24:01 Due ['Month 60', 'IRONMAN_v5_recurring_annual_pattern', 4]
		2025-02-13 01:24:01 Overdue ['Month 60', 'IRONMAN_v5_recurring_annual_pattern', 4]
		2025-04-11 01:24:01 Expired ['Month 60', 'IRONMAN_v5_recurring_annual_pattern', 4]
	Removed timeline rows:
		2021-01-28 01:24:01 Due ['Month 12', 'IRONMAN_v3_recurring_annual_pattern', 0]
		2021-04-26 01:24:01 Expired ['Month 12', 'IRONMAN_v3_recurring_annual_pattern', 0]
		2021-04-27 01:24:01 Due ['Month 15', 'IRONMAN_v3_recurring_3mo_pattern', 2]
		2021-07-25 01:24:01 Expired ['Month 15', 'IRONMAN_v3_recurring_3mo_pattern', 2]
		2021-07-28 01:24:01 Due ['Month 18', 'IRONMAN_v3_recurring_6mo_pattern', 1]
		2021-10-26 01:24:01 Expired ['Month 18', 'IRONMAN_v3_recurring_6mo_pattern', 1]
		2021-10-27 01:24:01 Due ['Month 21', 'IRONMAN_v3_recurring_3mo_pattern', 3]
		2021-11-12 01:24:01 Overdue ['Month 21', 'IRONMAN_v3_recurring_3mo_pattern', 3]
		2022-01-25 01:24:01 Expired ['Month 21', 'IRONMAN_v3_recurring_3mo_pattern', 3]
		2022-01-28 01:24:01 Due ['Month 24', 'IRONMAN_v3_recurring_annual_pattern', 1]
		2022-04-26 01:24:01 Expired ['Month 24', 'IRONMAN_v3_recurring_annual_pattern', 1]
		2022-07-28 01:24:01 Due ['Month 30', 'IRONMAN_v3_recurring_6mo_pattern', 2]
		2022-10-26 01:24:01 Expired ['Month 30', 'IRONMAN_v3_recurring_6mo_pattern', 2]
		2023-01-28 01:24:01 Due ['Month 36', 'IRONMAN_v3_recurring_annual_pattern', 2]
		2023-04-26 01:24:01 Expired ['Month 36', 'IRONMAN_v3_recurring_annual_pattern', 2]
	Modified timeline rows: (old, new)
		2021-02-13 01:24:01 Overdue
			['Month 12', 'IRONMAN_v3_recurring_annual_pattern', 0] ==> ['Month 12', 'IRONMAN_v5_recurring_annual_pattern', 0]
		2021-05-13 01:24:01 Overdue
			['Month 15', 'IRONMAN_v3_recurring_3mo_pattern', 2] ==> ['Month 15', 'IRONMAN_v5_recurring_3mo_pattern', 2]
		2021-08-13 01:24:01 Overdue
			['Month 18', 'IRONMAN_v3_recurring_6mo_pattern', 1] ==> ['Month 18', 'IRONMAN_v5_start6mo_yearly_end30mo', 1]
		2022-02-13 01:24:01 Overdue
			['Month 24', 'IRONMAN_v3_recurring_annual_pattern', 1] ==> ['Month 24', 'IRONMAN_v5_recurring_annual_pattern', 1]
		2022-08-13 01:24:01 Overdue
			['Month 30', 'IRONMAN_v3_recurring_6mo_pattern', 2] ==> ['Month 30', 'IRONMAN_v5_start6mo_yearly_end30mo', 2]
		2023-02-13 01:24:01 Overdue
			['Month 36', 'IRONMAN_v3_recurring_annual_pattern', 2] ==> ['Month 36', 'IRONMAN_v5_recurring_annual_pattern', 2]

Patient 2595 (170-102-001):
	Additional timeline rows:
		2021-03-23 03:07:47 Due ['Month 18', 'IRONMAN_v5_start6mo_yearly_end30mo', 1]
		2021-06-22 03:07:47 Expired ['Month 18', 'IRONMAN_v5_start6mo_yearly_end30mo', 1]
		2021-06-23 03:07:47 Due ['Month 21', 'IRONMAN_v5_recurring_3mo_pattern', 3]
		2021-09-22 03:07:47 Expired ['Month 21', 'IRONMAN_v5_recurring_3mo_pattern', 3]
		2021-09-23 03:07:47 Due ['Month 24', 'IRONMAN_v5_recurring_annual_pattern', 1]
		2021-12-22 03:07:47 Expired ['Month 24', 'IRONMAN_v5_recurring_annual_pattern', 1]
		2021-12-23 03:07:47 Due ['Month 27', 'IRONMAN_v5_recurring_3mo_pattern', 4]
		2022-01-24 03:07:47 Overdue ['Month 27', 'IRONMAN_v5_recurring_3mo_pattern', 4]
		2022-03-22 03:07:47 Expired ['Month 27', 'IRONMAN_v5_recurring_3mo_pattern', 4]
		2022-03-23 03:07:47 Due ['Month 30', 'IRONMAN_v5_start6mo_yearly_end30mo', 2]
		2022-06-22 03:07:47 Expired ['Month 30', 'IRONMAN_v5_start6mo_yearly_end30mo', 2]
		2022-06-23 03:07:47 Due ['Month 33', 'IRONMAN_v5_recurring_3mo_pattern', 5]
		2022-07-24 03:07:47 Overdue ['Month 33', 'IRONMAN_v5_recurring_3mo_pattern', 5]
		2022-09-22 03:07:47 Expired ['Month 33', 'IRONMAN_v5_recurring_3mo_pattern', 5]
		2022-09-23 03:07:47 Due ['Month 36', 'IRONMAN_v5_recurring_annual_pattern', 2]
		2022-12-22 03:07:47 Expired ['Month 36', 'IRONMAN_v5_recurring_annual_pattern', 2]
		2022-12-23 03:07:47 Due ['Month 39', 'IRONMAN_v5_recurring_3mo_pattern', 6]
		2023-01-24 03:07:47 Overdue ['Month 39', 'IRONMAN_v5_recurring_3mo_pattern', 6]
		2023-03-22 03:07:47 Expired ['Month 39', 'IRONMAN_v5_recurring_3mo_pattern', 6]
		2023-03-23 03:07:47 Due ['Month 42', 'IRONMAN_v5_start3.5years_yearly', 0]
		2023-04-24 03:07:47 Overdue ['Month 42', 'IRONMAN_v5_start3.5years_yearly', 0]
		2023-06-22 03:07:47 Expired ['Month 42', 'IRONMAN_v5_start3.5years_yearly', 0]
		2023-06-23 03:07:47 Due ['Month 45', 'IRONMAN_v5_recurring_3mo_pattern', 7]
		2023-07-24 03:07:47 Overdue ['Month 45', 'IRONMAN_v5_recurring_3mo_pattern', 7]
		2023-09-22 03:07:47 Expired ['Month 45', 'IRONMAN_v5_recurring_3mo_pattern', 7]
		2023-09-23 03:07:47 Due ['Month 48', 'IRONMAN_v5_recurring_annual_pattern', 3]
		2023-10-24 03:07:47 Overdue ['Month 48', 'IRONMAN_v5_recurring_annual_pattern', 3]
		2023-12-22 03:07:47 Expired ['Month 48', 'IRONMAN_v5_recurring_annual_pattern', 3]
		2023-12-23 03:07:47 Due ['Month 51', 'IRONMAN_v5_recurring_3mo_pattern', 8]
		2024-01-24 03:07:47 Overdue ['Month 51', 'IRONMAN_v5_recurring_3mo_pattern', 8]
		2024-03-22 03:07:47 Expired ['Month 51', 'IRONMAN_v5_recurring_3mo_pattern', 8]
		2024-03-23 03:07:47 Due ['Month 54', 'IRONMAN_v5_start3.5years_yearly', 1]
		2024-04-24 03:07:47 Overdue ['Month 54', 'IRONMAN_v5_start3.5years_yearly', 1]
		2024-06-22 03:07:47 Expired ['Month 54', 'IRONMAN_v5_start3.5years_yearly', 1]
		2024-06-23 03:07:47 Due ['Month 57', 'IRONMAN_v5_recurring_3mo_pattern', 9]
		2024-07-24 03:07:47 Overdue ['Month 57', 'IRONMAN_v5_recurring_3mo_pattern', 9]
		2024-09-22 03:07:47 Expired ['Month 57', 'IRONMAN_v5_recurring_3mo_pattern', 9]
		2024-09-23 03:07:47 Due ['Month 60', 'IRONMAN_v5_recurring_annual_pattern', 4]
		2024-10-24 03:07:47 Overdue ['Month 60', 'IRONMAN_v5_recurring_annual_pattern', 4]
		2024-12-22 03:07:47 Expired ['Month 60', 'IRONMAN_v5_recurring_annual_pattern', 4]
	Removed timeline rows:
		2021-04-08 03:07:47 Due ['Month 18', 'IRONMAN_v3_recurring_6mo_pattern', 1]
		2021-07-06 03:07:47 Expired ['Month 18', 'IRONMAN_v3_recurring_6mo_pattern', 1]
		2021-07-08 03:07:47 Due ['Month 21', 'IRONMAN_v3_recurring_3mo_pattern', 3]
		2021-10-06 03:07:47 Expired ['Month 21', 'IRONMAN_v3_recurring_3mo_pattern', 3]
		2021-10-08 03:07:47 Due ['Month 24', 'IRONMAN_v3_recurring_annual_pattern', 1]
		2022-01-06 03:07:47 Expired ['Month 24', 'IRONMAN_v3_recurring_annual_pattern', 1]
		2022-04-08 03:07:47 Due ['Month 30', 'IRONMAN_v3_recurring_6mo_pattern', 2]
		2022-07-06 03:07:47 Expired ['Month 30', 'IRONMAN_v3_recurring_6mo_pattern', 2]
		2022-10-08 03:07:47 Due ['Month 36', 'IRONMAN_v3_recurring_annual_pattern', 2]
		2023-01-06 03:07:47 Expired ['Month 36', 'IRONMAN_v3_recurring_annual_pattern', 2]
	Modified timeline rows: (old, new)
		2021-04-24 03:07:47 Overdue
			['Month 18', 'IRONMAN_v3_recurring_6mo_pattern', 1] ==> ['Month 18', 'IRONMAN_v5_start6mo_yearly_end30mo', 1]
		2021-07-24 03:07:47 Overdue
			['Month 21', 'IRONMAN_v3_recurring_3mo_pattern', 3] ==> ['Month 21', 'IRONMAN_v5_recurring_3mo_pattern', 3]
		2021-10-24 03:07:47 Overdue
			['Month 24', 'IRONMAN_v3_recurring_annual_pattern', 1] ==> ['Month 24', 'IRONMAN_v5_recurring_annual_pattern', 1]
		2022-04-24 03:07:47 Overdue
			['Month 30', 'IRONMAN_v3_recurring_6mo_pattern', 2] ==> ['Month 30', 'IRONMAN_v5_start6mo_yearly_end30mo', 2]
		2022-10-24 03:07:47 Overdue
			['Month 36', 'IRONMAN_v3_recurring_annual_pattern', 2] ==> ['Month 36', 'IRONMAN_v5_recurring_annual_pattern', 2]
