diff --git a/portal/templates/initial_queries.html b/portal/templates/initial_queries.html
index f958a9a..b442b35 100644
--- a/portal/templates/initial_queries.html
+++ b/portal/templates/initial_queries.html
@@ -1,6 +1,6 @@
 {% extends "layout.html" %}
 {% block main %}
-{% from "flask_user/_macros.html" import back_btn %}
+{% from "flask_user/_macros.html" import back_btn, footer %}
 
 {% from "initial_queries_macros.html" import tou, nameGroup, rolesGroup, dobGroup, patientQGroup, clinic, consent %}
 {% from "profile_macros.html" import profileOrgsSelector %}
@@ -12,82 +12,254 @@
   <input type="hidden" id="iq_userId" value="{{user.id}}" />
   <style>
       .reg-complete-container {
-        width: 100%;
+        width: 350px;
         max-width: 100%;
-        margin: 0.2em auto;
-        background-color: #f8f8f9;
-        padding: 2em 2em 2.7em 2em;
-        text-align: center;
+        /*margin: 1em auto;*/
+        margin: 1em 0;
+        /*background-color: #f8f8f9;*/
+        /*padding: 2em 2em 2.7em 2em;*/
+        /*text-align: center;*/
+        padding: 1em 0 0.5em 0;
         border-radius: 8px;
+        display: none;
+      }
+      .iq-container {
+        font-family: "akzidenz_grotesk_medium", Arial, "Helvetica Neue", Helvetica, sans-serif;
+        width: 100%;
+      }
+      #aboutForm {
+        max-width: 700px;
+        padding: 1em;
+        margin: 3em auto;
+        min-height: 50vh;
+      }
+      #topTerms ~ #aboutForm {
+        min-height: 10vh;
+        margin: 1em 0;
+      }
+      #aboutForm input[type='text'],
+      #aboutForm select,
+      #aboutForm .form-group label,
+      #aboutForm label {
+        font-size: 1.1em;
+      }
+      #aboutForm input[type='text'],
+      #aboutForm select {
+        height: 50px;
+      }
+
+      #roleContainer {
+        margin: 2em 0;
+      }
+      #roleContainer ~ #buttonsContainer {
+        display: none;
+      }
+      #buttonsContainer {
+        margin: 1em 0;
+        position: relative;
+      }
+      .iq-container .tnth-headline:first-of-type {
+        margin-bottom: 1.5em;
+        /*transform: translateX(-30%);*/
+        transform: translateY(-100%);
+        transition: transform 250ms ease-out .1s;
+        font-weight: bold;
+        color: #5f6367;
+        color: rgba(57, 56, 51, 0.8);
+        letter-spacing: 0.1px;
+        font-size: 1.2em;
+        text-align: center;
+        /*background-image: linear-gradient(to right, #F9F9F7, #FFF);*/
+      }
+      .iq-container.open .tnth-headline:first-of-type {
+        transform: translateY(0);
+        /*transform: translateX(0);*/
+      }
+      .iq-container .content {
+        /*border: solid 1px #efefec;*/
+
+       /* background: #FBFBFA;*/
+        position: relative;
+       -webkit-box-shadow: 2px 2px 8px -2px rgba(143,142,139,0.4);
+-moz-box-shadow: 2px 2px 8px -2px rgba(143,142,139,0.4);
+box-shadow: 2px 2px 8px -2px rgba(143,142,139,0.4);
+      }
+      .iq-container .content-body {
+       /* border: solid 1px #efefec;*/
+        background: #FBFBFA;
+        background: rgba(203, 210, 217, 0.2);
+        /*background: linear-gradient(to bottom, #dfe8e7, #e4e3df);*/
+        padding: 7em 2.5em 5em 2.5em;
+         margin-top: 1em;
+      }
+      #nameGroup {
+        margin-top: 3em;
+      }
+      .subtitle {
+        color: #595d4e;
+        margin: 1em auto;
+      }
+      #aboutForm .prompt {
+        color: #333;
+        font-size: 1.1em;
+      }
+      #next, #updateProfile {
+        opacity: 0;
+        transition: opacity 200ms ease-in;
+        position: absolute;
+        left: 0;
+        top: 0;
+        letter-spacing: 4px;
+        text-transform: uppercase;
+        padding: 1em;
+      }
+      #next {
+        opacity: 1;
+        width: 110px;
+        max-width: 100%;
+        margin-left: 0.2em;
+      }
+      #next:disabled {
+        opacity: 0.6;
+      }
+      #next.open, #updateProfile.open {
+        opacity: 1;
+      }
+      #next span {
+        margin-left: 0.3em;
+        margin-right: 0.3em;
+      }
+      .heading {
+        position: absolute;
+        top: 0;
+        right: 0;
+        left: 0;
+        color: #fff;
+        display: block;
+        height: 5.5em;
+        line-height: 58px;
+        /*padding: 0 30px;*/
+        background-color: #FFF;
+        background: linear-gradient(to bottom, #FDFDFD , rgba(203, 210, 217, 0.3));
+        border-bottom: 1px solid #FBFBFA;
+        border-top: 1px solid rgba(203, 210, 217, 0.2);
+        border-left: 1px solid rgba(203, 210, 217, 0.2);
+        font-size: 1.2em;
+       /* background: linear-gradient(to bottom, #FFF , #f5f5f5);*/
+            /*background-color: #f3f1f1;*/
+      }
+     /* @media (min-width: 1200px) {
+        #roleContainer,
+        .iq-container.partner,
+        .iq-container.partner ~ #buttonsContainer,
+        .iq-container.partner ~ .reg-complete-container {
+          position: relative;
+          left: -40%;
+          margin-top: -2em;
+        }
+        .iq-container.partner ~ #buttonsContainer,
+        .iq-container.partner ~ .reg-complete-container {
+          margin-top: 1em;
+        }
+      }*/
+      #footerWrapper { display: none;}
+      #iqErrorMessage {
+        margin-top: 6em;
+      }
+      div.heading::before {
+      	border-radius: 100%;
+	    width: 52px;
+	    height: 52px;
+	    font-size: 2.5em;
+	    line-height: 1;
+      	content: "\2304";
+      	display: inline-block;
+	    font-family: "symbols";
+	    font-style: normal;
+	    font-weight: normal;
+	    line-height: 1;
+	    margin: 0 auto;
+	    -webkit-font-smoothing: antialiased;
+	    color: #ccc;
+	    position: absolute;
+	    top: 1.1em;
+	    left: 0;
+	    right: 0;
+	    bottom: 0;
+	    transform: translateX(-50%);
       }
   </style>
 
   {% if 'tou' in still_needed %}
-    {{tou(terms)}}
+      {{tou(terms)}}
   {% endif %}
 
   <div id="aboutForm" class="tnth-hide">
      <form class="form tnth-form to-validate" id="queriesForm" action='initial-queries' method='POST'>
-        {% if 'name' in still_needed or 'role' in still_needed or 'dob' in still_needed or 'clinical' in still_needed or 'org' in still_needed or 'localized' in still_needed %}
-          <h3 class="tnth-headline">{{ _("About You") }}</h3>
-
-          <p class="profile-item-title">{{ _("Thank You! Now, please finish your registration by telling us about yourself.") }}</p>
-
-            {% if user and user._email %}
-                <input type="hidden" name="email" id="email" value="{{user._email}}" />
-            {% endif %}
-            {% if 'name' in still_needed %}
-              {{nameGroup()}}
-            {% else %}
-                {% if user and user.first_name and user.last_name %}
-                  <p>{{ _("Your") }} <em>{{ _("Name") }}</em>: {{user.first_name}} {{user.last_name}}</p>
-                  <br/>
-                  <input type="hidden" name="firstname" id="fistname" value="{{user.first_name}}"/>
-                  <input type="hidden" name="lastname" id="lastname" value="{{user.last_name}}"/>
-                {% endif %}
-            {% endif %}
-            {% if 'role' in still_needed %}
-              {{rolesGroup()}}
-            {% endif %}
-            {% if 'dob' in still_needed %}
-              {{dobGroup()}}
-            {% else %}
-                {% if user and user.birthdate %}
-                  <input type="hidden" name="birthDate" id="birthday" value="{{user.birthdate}}">
+        {% if 'role' in still_needed %}
+            <div id="roleContainer" class="iq-container">
+                {{rolesGroup()}}
+            </div>
+        {% endif %}
+        {% if 'name' in still_needed or 'dob' in still_needed %}
+            <div id="demographicsContainer" class="iq-container">
+                {% if user and user._email %}
+                  <input type="hidden" name="email" id="email" value="{{user._email}}" />
                 {% endif %}
-            {% endif %}
-            {% if 'clinical' in still_needed  or 'localized' in still_needed%}
-              {{patientQGroup(user)}}
-            {% endif %}
-            {% if 'org' in still_needed %}
-             {% if not session.get('associate_clinic_id', '') and ('patient' in config.CONSENT_EDIT_PERMISSIBLE_ROLES) %}
-                 <div id="clinics" class="tnth-hide" parent-section="true">
-                    {{profileOrgsSelector(user, "", consent_agreements)}}
+                <div class="content">
+                  <div class="heading"><h3 class="tnth-headline profile-item-title">{{ _("Tell us a little about yourself.") }}</h3><figure></figure></div>
+                  <div class="content-body">
+                      {{nameGroup()}}
+                        <br/>
+                      {{dobGroup()}}
                   </div>
-             {% else %}
-                {{clinic(consent_agreements)}}
-              {% endif %}
-            {% endif %}
-            <br />
-            <p class="tnth-hide" id="continueText">{{ _("Great! Click continue to start using TrueNTH.") }}</p>
-            <br />
-            <button id="updateProfile" type="submit" class="btn btn-lg btn-tnth-primary tnth-hide" disabled>{{ _("Continue to TrueNTH") }}</button>
-        {% else %}
-           <div class="reg-complete-container">
-              <h4 class="profile-item-title"> {{ _("Thank you.") }}</h4>
-              <p>{{ _("Click continue to start using TrueNTH") }}</p>
-              <br/>
-              <button id="updateProfile" type="submit" class="btn btn-lg btn-tnth-primary tnth-hide">{{ _("Continue to TrueNTH") }}</button>
-           </div>
+                </div>
+            </div>
         {% endif %}
-
-  </form>
+        {% if 'clinical' in still_needed  or 'localized' in still_needed or 'org' in still_needed %}
+            <div id="clinicalContainer" class="iq-container">
+              <div class="content">
+                  <div class="heading">
+                    <h3 class="tnth-headline profile-item-title">{{ _("Now it's time to build your prostate cancer profile.") }}</h3>
+                    <figure></figure>
+                  </div>
+                  <div class="content-body">
+                    <div class="subtitle">The questions we're asking will help us customize what you see and provide the best information to help you track and manage your prostate cancer journey.</div>
+                    <br/>
+                    {{patientQGroup(user)}}
+                    {% if 'org' in still_needed %}
+                      <div id="orgsContainer">
+                         {% if not session.get('associate_clinic_id', '') and ('patient' in config.CONSENT_EDIT_PERMISSIBLE_ROLES) %}
+                             <div id="clinics" parent-section="true">
+                                {{profileOrgsSelector(user, "", consent_agreements)}}
+                              </div>
+                         {% else %}
+                              {{clinic(consent_agreements)}}
+                          {% endif %}
+                      </div>
+                    {% endif %}
+                  </div>
+                </div>
+            </div>
+        {% endif %}
+        <div class="reg-complete-container">
+            <h4 class="profile-item-title"> {{ _("Thank you.") }}</h4>
+            <p>{{ _("Click continue to start using TrueNTH.") }}</p>
+            <br/>
+        </div>
+        <div id="buttonsContainer">
+          <button id="next" type="button" class="btn btn-lg btn-tnth-primary" disabled>{{_("Next")}}<span>&#8594;</span></button>
+          <button id="updateProfile" type="submit" class="btn btn-lg btn-tnth-primary" disabled>{{ _("Continue to TrueNTH") }}</button>
+        </div>
+        <div>
+          <div id="iqErrorMessage" class="error-message text-danger"></div>
+        <div>
+    </form>
   </div>
-  <div>
-    <div class="error-message text-danger"></div>
-  <div>
 
 {% endblock %}
+{% from "flask_user/_macros.html" import footer %}
+{% block footer %}<div id="footerWrapper">{{footer()}}</div>{% endblock %}
 {% block document_ready %}
 var CONSENT_WITH_TOP_LEVEL_ORG = {% if config.CONSENT_WITH_TOP_LEVEL_ORG %}true{%else%}false{%endif%};
 // Check if there's a session variable for associated clinic
@@ -161,8 +333,6 @@ FieldsChecker.prototype.getNextField = function(currentIndex, field) {
       if (field) {
           var parentContainer = field.closest("[parent-section='true']");
           var found = false;
-          //console.log("parentContainer:")
-          //console.log(parentContainer)
           if (parentContainer.length > 0) {
               var nexts = parentContainer.nextAll("[parent-section='true']");
               nexts.each(function() {
@@ -178,7 +348,6 @@ FieldsChecker.prototype.getNextField = function(currentIndex, field) {
                       section.children().first().fadeIn();
                       found = true;
                   };
-
                   if (!found) {
                       if (self.sectionCompleted(parentId)) $(this).fadeIn();
                   };
@@ -186,7 +355,7 @@ FieldsChecker.prototype.getNextField = function(currentIndex, field) {
               });
           };
       };
-    }
+    };
 };
 
 FieldsChecker.prototype.sectionCompleted = function(sectionId) {
@@ -250,15 +419,47 @@ FieldsChecker.prototype.showAll = function() {
 };
 
 function continueOn() {
-  $("#continueText").fadeIn();
-  $("#updateProfile").removeAttr("disabled").show();
+  $("div.reg-complete-container").fadeIn();
+  $('html, body').animate({
+    scrollTop: $('div.reg-complete-container').offset().top
+  }, 1000);
+  //$("#next").hide();
+  $("#next").removeClass("open");
+  //$("#updateProfile").removeAttr("disabled").show();
+  $("#iqErrorMessage").text("");
+  $("#updateProfile").removeAttr("disabled").addClass("open");
 };
 
 function stopContinue() {
-  $("#continueText").fadeOut();
-  $("#updateProfile").attr("disabled", true).hide();
+  $("div.reg-complete-container").fadeOut();
+  //$("#next").fadeIn(800);
+  $("#next").removeAttr("disabled");
+  //$("#updateProfile").attr("disabled", true).hide();
+  $("#updateProfile").attr("disabled", true).removeClass("open");
 };
 
+function getNext() {
+  $("#topTerms").hide();
+  $("#next").attr("disabled", true)
+  var found = false;
+  $(".iq-container").each(function() {
+      var self = this;
+      if (!found && !$(self).is(":visible")) {
+        var sections = $(self).find("[parent-section]");
+        sections.each(function() {
+          var sectionId = $(this).attr("id");
+          if (!fc.sectionCompleted(sectionId)) {
+            $(self).fadeIn(500);
+            $(self).addClass("open");
+            found = true;
+          };
+        });
+      } else {
+        $(self).hide().removeClass("open");
+      };
+  });
+
+};
 function initIncompleteFields() {
 
   fc.setIncompleteFields();
@@ -294,12 +495,26 @@ function initIncompleteFields() {
 
 
   if (fc.allFieldsCompleted()) {
-      $("#updateProfile").removeAttr("disabled").show();
+     continueOn();
   } else {
        incompleteFields[0].section.show();
        incompleteFields[0].element.show();
   };
 
+ $(".iq-container").hide();
+  //if term of use form not present - need to show the form
+  if ($("#topTerms").length == 0)  {
+      $("#aboutForm").fadeIn();
+      //$($(".iq-container").get(0)).show();
+      getNext();
+      if ($("#aboutForm").length == 0 || fc.allFieldsCompleted()) {
+        continueOn();
+      };
+  } else {
+    $("#topTerms").fadeIn();
+  };
+
+  setTimeout('$("#footerWrapper").show()', 1000);
   /************
   incompleteFields.forEach(function(field, index) {
       console.log(field.section.attr("id") + " " + field.element.length);
@@ -313,9 +528,13 @@ function initIncompleteFields() {
 
 };
 
-
 $(document).ready(function(){
 
+    $("#next").on("click", function() {
+        getNext();
+        $(this).removeClass("open");
+    });
+
     var bdChangeEvent = function() {
        var d = $("#date");
        var m = $("#month");
@@ -344,15 +563,28 @@ $(document).ready(function(){
                   var isComplete = fc.allFieldsCompleted();
                   if (isComplete) {
                      continueOn();
-                  } else fc.getNextField(null, $("#year"));
+                  } else stopContinue();
               } else {
                   $("#errorbirthday").text(errorMsg).show();
-                  stopContinue();
+                  //stopContinue();
               };
           };
       };
     };
 
+    var namesChangeEvent = function() {
+       var userRole = $("input[name='user_type']:checked").val();
+       if (userRole == "partner") {
+          var fname = $("#firstname").val(), lname = $("#lastname").val();
+          if (fname != "" && lname != "") {
+            continueOn();
+          } else {
+             if (fc.allFieldsCompleted()) continueOn();
+          };
+       } else {
+          if (fc.allFieldsCompleted()) continueOn();
+       };
+    };
 
     var rolesGroupClickEvent = function(){
         var roles = [];
@@ -361,37 +593,11 @@ $(document).ready(function(){
         var toSend = {"roles": roles};
         tnthAjax.putRoles({{user.id}},toSend);
         if (theVal == "patient") {
-            // If patient, then we always show bdGroup
-            var fname = $("#firstname"), lname = $("#lastname");
-            if (fname.length > 0 && lname.length > 0 && (fname.val() == "" || lname.val() == "")) {
-                if (!hasValue(fname.val())) fname.trigger("blur");
-                if (!hasValue(lname.val())) lname.trigger("blur");
-            } else {
-              if ($("#bdGroup").length > 0) {
-                $("#bdGroup").fadeIn();
-              };
-              // Also, if they already have a valid birthday, then trigger blur to make patientQ appear
-
-              if ($("#bdGroup").length > 0) {
-                $('html, body').animate({
-                  scrollTop: $('#bdGroup').offset().top
-                }, 500);
-                if (fc.sectionCompleted('bdGroup')) fc.getNextField(null, $(this));
-              } else fc.getNextField($(this).attr("sectionIndex"), $(this));
-
-              //$("#clinics").hide();
-
-              $("#patientQ").attr("skipped", "false");
-              $("#bdGroup").attr("skipped", "false");
-              $("#clinics").attr("skipped", "false");
-
-
-              if (fc.allFieldsCompleted()) {
-                continueOn();
-              } else {
-                stopContinue();
-              };
-            };
+            $("#patientQ").attr("skipped", "false").show();
+            $("#bdGroup").attr("skipped", "false").show();
+            $("#clinics").attr("skipped", "false").show();
+            //$("#demographicsContainer").hide().removeClass("open partner");
+            //stopContinue();
 
         } else {
           // If partner, skip all questions
@@ -399,13 +605,13 @@ $(document).ready(function(){
             $("#patientQ").attr("skipped", "true").hide();
             $("#bdGroup").attr("skipped", "true").hide();
             $("#clinics").attr("skipped", "true").hide();
-            continueOn();
+            //$("#demographicsContainer").show().addClass("open partner");
+            //continueOn();
           };
         };
+        setTimeout("window.location.reload()", 100);
     };
 
-
-
     var patientQClickEvent = function(){
           var thisItem = $(this);
           var toCall = thisItem.attr("name")
@@ -425,18 +631,17 @@ $(document).ready(function(){
             };
 
             thisItem.parents(".pat-q").next().fadeIn();
-            $("#clinics").hide(); //this is hard coded, ARGHHH!!
+            //$("#clinics").hide(); //this is hard coded, ARGHHH!!
 
             var nextRadio = thisItem.closest(".pat-q").next(".pat-q");
             var nextItem = nextRadio.length > 0 ? nextRadio : thisItem.parents(".pat-q").next();
             if (nextItem.length > 0) {
                 var checkedRadio = nextItem.find("input[type='radio']:checked");
-                if (!(checkedRadio.length > 0) && !nextItem.isOnScreen()) {
+                if (!(checkedRadio.length > 0)) {
                   $('html, body').animate({
                     scrollTop: nextItem.offset().top
                   }, 1000);
                 };
-
                 nextItem.find("input[type='radio']").each(function() {
                   $(this).attr("skipped", "false");
                 });
@@ -504,21 +709,21 @@ $(document).ready(function(){
 
           if (fc.allFieldsCompleted()) {
             continueOn();
-          } else stopContinue();
+          } //else stopContinue();
       };
 
     var userOrgChangeEvent = function() {
       assembleContent.demo({{ user.id }},null, null, true);
       if ($(this).prop("checked")) {
         if (fc.allFieldsCompleted()) {
+          $("#iqErrorMessage").text("");
           continueOn();
         } else {
-          stopContinue();
-        };
-      } else stopContinue();
+          $("#iqErrorMessage").text("All fields must be completed.");
+        }
+      };
     };
 
-
     $("#agreeLabel").on("click",function(){
       if ($(this).attr("data-agree") == "false") {
         var theTerms = {};
@@ -529,9 +734,14 @@ $(document).ready(function(){
         $(this).find("i").removeClass("fa-square-o").addClass("fa-check-square-o").end()
           .find("span").text("I consent and agree to the above terms.");
         $("#aboutForm").fadeIn();
-        $('html, body').animate({
-          scrollTop: $('#aboutForm').offset().top
-        }, 1000);
+        var nextSection = $($(".iq-container").get(0));
+        if (nextSection.length > 0) {
+          nextSection.show();
+          $('html, body').animate({
+            scrollTop: $('#aboutForm').offset().top
+          }, 1000);
+        } else continueOn();
+        //setTimeout("getNext();", 0);
         $(this).attr("data-agree","true");
       } else {
         $(this).find("i").removeClass("fa-cehck-square-o").addClass("fa-square-o").end()
@@ -541,23 +751,14 @@ $(document).ready(function(){
       };
     });
 
-    //if term of use form not present - need to show the form
-    if ($("#topTerms").length == 0)  {
-        $("#aboutForm").fadeIn();
-        if ($("#aboutForm").length == 0) {
-          continueOn();
-        };
-    };
-
     $('#queriesForm').validator().on('submit', function (e) {
         if (e.isDefaultPrevented()) {
           alert("There's a problem with your submission. Please check your answers, then try again.  Make sure all required fields are completed and valid.");
         } else {
           assembleContent.demo({{ user.id }},null, null, true);
-        }
+        };
     });
 
-
     /**** main object
           this will help keeping track of missing fields
      *****/
@@ -565,7 +766,7 @@ $(document).ready(function(){
 
       'nameGroup':  {
                       fields: [$("#firstname"), $("#lastname")],
-                      event: null
+                      event: namesChangeEvent
                     },
       'rolesGroup': {
                       fields: [$("input[name='user_type']")],
@@ -590,6 +791,8 @@ $(document).ready(function(){
     fc = new FieldsChecker(mainSections);
     setTimeout("initIncompleteFields();", 500);
 
+
+
     /** 1st - get all current info **/
     /***done in macros now*****/
     //tnthAjax.getRoles({{ user.id }});
diff --git a/portal/templates/initial_queries_macros.html b/portal/templates/initial_queries_macros.html
index 4fd1d2d..e8c61cd 100644
--- a/portal/templates/initial_queries_macros.html
+++ b/portal/templates/initial_queries_macros.html
@@ -25,14 +25,16 @@
 
   {% macro nameGroup() -%}
     <div class="row" id="nameGroup" parent-section="true">
-        <div class="col-md-4 col-xs-6">
+        <div class="col-md-5 col-xs-6">
           <div class="form-group float-input-label">
+            <label>Name</label>
             <input class="form-control float-text init-queries-field" id="firstname" name="firstname" placeholder="{{ _('First Name') }}" type="text" required="required" data-error="{{ _('First name is required') }}"  />
             <div class="help-block with-errors"></div>
           </div>
         </div>
-        <div class="col-md-4 col-xs-6">
+        <div class="col-md-5 col-xs-6">
           <div class="form-group float-input-label">
+            <label>&nbsp;</label>
             <input class="form-control float-text init-queries-field" id="lastname" name="lastname" placeholder="{{ _('Last Name') }}" type="text" required="required" data-error="{{ _('Last name is required') }}" />
             <div class="help-block with-errors"></div>
           </div>
@@ -69,17 +71,15 @@
   {{tou()}}
 
   {% macro dobGroup() -%}
-      <div class="tnth-hide" id="bdGroup" parent-section="true">
-          <hr />
-          <p>{{ _("When is your birthday?") }}</p>
+      <div id="bdGroup" parent-section="true">
           <input type="hidden" name="birthDate" id="birthday" value="">
           <div class="form-group">
             <label>{{ _("Birth Date") }}</label>
             <div class="row">
-              <div class="col-md-3 col-xs-4">
+              <div class="col-md-4 col-xs-4">
                 <input class="form-control bd-element init-queries-field" id="date" name="birthdayDate" placeholder="DD" type="text" maxlength="2" pattern="\d[\d]?" data-error="The birth day field is required and must be valid format" required />
               </div>
-              <div class="col-md-3 col-xs-4">
+              <div class="col-md-4 col-xs-4">
                 <select type="select" class="form-control bd-element init-queries-field" name="birthdayMonth" id="month" data-error="-- A birth month must be selected" required>
                   <option value="">{{ _("Month") }}...</option>
                   <option value="01">{{ _("January") }}</option>
@@ -96,7 +96,7 @@
                   <option value="12">{{ _("December") }}</option>
                 </select>
               </div>
-              <div class="col-md-3 col-xs-4">
+              <div class="col-md-4 col-xs-4">
                 <input class="form-control bd-element init-queries-field" id="year" name="birthdayYear" placeholder="YYYY" type="text" maxlength="4" pattern = "(19|20)\d{2}" data-error="The birth year is required and must be in valid format" required />
               </div>
             </div>
@@ -106,10 +106,8 @@
       </div>
   {%- endmacro %}
   {% macro patientQGroup(user) -%}
-    <div id="patientQ" class="tnth-hide" parent-section="true">
-        <hr />
+    <div id="patientQ" parent-section="true">
         <div id="patBiopsy" data-topic="biopsy" class="pat-q">
-          <br />
           <p>{{ _("Have you had a prostate cancer biopsy?") }}</p>
           <div class="form-group">
             <div class="radio biopsy-option">
@@ -187,7 +185,7 @@
         </div>
         <br/>
       </div>
-      <script>
+      <script defer>
         function checkBiopsyDate(val) {
            if (!hasValue(val)) return false;
            var m = val.match(/(\/)/);
@@ -261,7 +259,7 @@
         });</script>
   {%- endmacro %}
   {% macro clinic(consent_agreements) -%}
-    <div id="clinics" class="tnth-hide" parent-section="true">
+    <div id="clinics" parent-section="true">
       <hr />
       <h3 class="tnth-headline">{{ _("Your Clinic") }}</h3>
 
